TN:
SF:src/app.ts
FNF:0
FNH:0
DA:1,2
DA:2,2
DA:3,2
DA:4,2
DA:5,2
DA:7,2
DA:8,2
DA:9,2
DA:11,2
DA:12,2
DA:14,2
LF:11
LH:11
BRF:0
BRH:0
end_of_record
TN:
SF:src/database.ts
FNF:0
FNH:0
DA:1,2
DA:3,2
DA:4,2
LF:3
LH:3
BRF:0
BRH:0
end_of_record
TN:
SF:src/controllers/recommendationController.ts
FN:6,insert
FN:17,upvote
FN:25,downvote
FN:33,random
FN:39,get
FN:44,getTop
FN:51,getById
FNF:7
FNH:7
FNDA:64,insert
FNDA:234,upvote
FNDA:1,downvote
FNDA:41,random
FNDA:4,get
FNDA:1,getTop
FNDA:1,getById
DA:2,2
DA:3,2
DA:4,2
DA:7,64
DA:8,64
DA:9,0
DA:12,64
DA:14,64
DA:18,234
DA:20,234
DA:22,234
DA:26,1
DA:28,1
DA:30,1
DA:34,41
DA:36,40
DA:40,4
DA:41,4
DA:45,1
DA:47,1
DA:48,1
DA:52,1
DA:54,1
DA:55,1
DA:58,2
LF:25
LH:24
BRDA:8,0,0,0
BRF:1
BRH:0
end_of_record
TN:
SF:src/middlewares/errorHandlerMiddleware.ts
FN:8,errorHandlerMiddleware
FNF:1
FNH:1
FNDA:1,errorHandlerMiddleware
DA:2,2
DA:8,2
DA:14,1
DA:16,1
DA:17,1
DA:20,0
LF:6
LH:5
BRDA:16,0,0,1
BRF:1
BRH:1
end_of_record
TN:
SF:src/routers/recommendationRouter.ts
FNF:0
FNH:0
DA:1,2
DA:2,2
DA:4,2
DA:6,2
DA:7,2
DA:8,2
DA:9,2
DA:10,2
DA:11,2
DA:12,2
DA:14,2
LF:11
LH:11
BRF:0
BRH:0
end_of_record
TN:
SF:src/schemas/recommendationsSchemas.ts
FNF:0
FNH:0
DA:1,2
DA:4,2
DA:6,2
LF:3
LH:3
BRF:0
BRH:0
end_of_record
TN:
SF:src/services/recommendationsService.ts
FN:7,insert
FN:17,upvote
FN:23,downvote
FN:36,getByIdOrFail
FN:43,get
FN:47,getTop
FN:51,getRandom
FN:64,getByScore
FN:77,getScoreFilter
FNF:9
FNH:9
FNDA:67,insert
FNDA:235,upvote
FNDA:3,downvote
FNDA:241,getByIdOrFail
FNDA:5,get
FNDA:2,getTop
FNDA:43,getRandom
FNDA:43,getByScore
FNDA:43,getScoreFilter
DA:2,2
DA:3,2
DA:8,67
DA:11,66
DA:12,1
DA:14,65
DA:18,235
DA:20,235
DA:24,3
DA:26,3
DA:31,3
DA:32,1
DA:37,241
DA:38,241
DA:40,240
DA:44,5
DA:48,2
DA:52,43
DA:53,43
DA:55,43
DA:56,41
DA:57,1
DA:60,40
DA:61,40
DA:65,43
DA:70,42
DA:71,29
DA:74,13
DA:78,43
DA:79,33
DA:82,10
DA:85,2
LF:32
LH:32
BRDA:11,0,0,1
BRDA:31,1,0,1
BRDA:38,2,0,1
BRDA:56,3,0,1
BRDA:70,4,0,29
BRDA:78,5,0,33
BRF:6
BRH:6
end_of_record
TN:
SF:tests/integration/factories/theatreFactory.ts
FN:4,execute
FNF:1
FNH:1
FNDA:10,execute
DA:1,1
DA:4,1
DA:5,10
LF:3
LH:3
BRF:0
BRH:0
end_of_record
